<?xml version="1.0" encoding="UTF-8"?>
<!-- Generated by org.testng.reporters.JUnitReportReporter -->
<testsuite hostname="LAPTOP-39QTR6GO" failures="0" tests="1" name="Test.PinPageTest" time="6.985" errors="0" timestamp="2022-06-14T22:13:02 IST" skipped="0">
  <testcase classname="Test.PinPageTest" name="loginToZerodhaWithPinTest" time="6.985"/>
  <system-out/>
</testsuite> <!-- Test.PinPageTest -->
