<?xml version="1.0" encoding="UTF-8"?>
<!-- Generated by org.testng.reporters.JUnitReportReporter -->
<testsuite hostname="LAPTOP-39QTR6GO" failures="0" tests="3" name="Test.LoginPageTest" time="8.261" errors="0" timestamp="2022-06-17T14:13:25 IST" skipped="0">
  <testcase classname="Test.LoginPageTest" name="signupLinkTest" time="3.033"/>
  <system-out/>
  <testcase classname="Test.LoginPageTest" name="forgotPasswordLinkTest" time="2.233"/>
  <system-out/>
  <testcase classname="Test.LoginPageTest" name="loginWithValidCredentialsTest" time="2.995"/>
  <system-out/>
</testsuite> <!-- Test.LoginPageTest -->
